<?xml version="1.0" encoding="UTF-8"?>
<!-- Generated by org.testng.reporters.JUnitReportReporter -->
<testsuite hostname="DESKTOP-5IOQODS" failures="0" tests="1" name="TestNG.phpTest" time="11.429" errors="0" timestamp="2019-12-18T13:26:51 IST" skipped="0">
  <testcase classname="TestNG.phpTest" name="addbookfunc" time="11.429"/>
</testsuite> <!-- TestNG.phpTest -->
